2020-01-18 10:20:34.655 [TestNG-PoolService-1] INFO  com.APITestRunner - START Get all bike points contains River Street , Clerkenwell
2020-01-18 10:20:34.655 [TestNG-PoolService-0] INFO  com.APITestRunner - START Get all bike points contains Evesham Street, Avondale
2020-01-18 10:20:38.086 [TestNG-PoolService-1] INFO  com.APITestRunner - PASS  Get all bike points contains River Street , Clerkenwell
2020-01-18 10:20:38.086 [TestNG-PoolService-0] INFO  com.APITestRunner - PASS  Get all bike points contains Evesham Street, Avondale
2020-01-18 10:39:49.043 [TestNG-PoolService-0] INFO  com.APITestRunner - START Get all bike points contains Evesham Street, Avondale
2020-01-18 10:39:49.043 [TestNG-PoolService-1] INFO  com.APITestRunner - START Get all bike points contains River Street , Clerkenwell
2020-01-18 10:39:51.470 [TestNG-PoolService-0] INFO  com.APITestRunner - PASS  Get all bike points contains Evesham Street, Avondale
2020-01-18 10:39:51.470 [TestNG-PoolService-1] INFO  com.APITestRunner - PASS  Get all bike points contains River Street , Clerkenwell
2020-01-18 10:40:47.638 [TestNG-PoolService-1] INFO  com.APITestRunner - START Get all bike points contains River Street , Clerkenwell
2020-01-18 10:40:47.638 [TestNG-PoolService-0] INFO  com.APITestRunner - START Get all bike points contains Evesham Street, Avondale
2020-01-18 10:41:19.950 [TestNG-PoolService-1] ERROR com.APITestRunner - FAIL  Get all bike points contains River Street , Clerkenwell
2020-01-18 10:41:42.454 [TestNG-PoolService-0] ERROR com.APITestRunner - FAIL  Get all bike points contains Evesham Street, Avondale
2020-01-18 10:43:15.662 [TestNG-PoolService-0] INFO  com.APITestRunner - START Get all bike points contains Evesham Street, Avondale
2020-01-18 10:43:15.662 [TestNG-PoolService-1] INFO  com.APITestRunner - START Get all bike points contains River Street , Clerkenwell
2020-01-18 10:43:37.371 [TestNG-PoolService-1] ERROR com.APITestRunner - FAIL  Get all bike points contains River Street , Clerkenwell
2020-01-18 10:44:06.001 [TestNG-PoolService-0] ERROR com.APITestRunner - FAIL  Get all bike points contains Evesham Street, Avondale
2020-01-18 10:47:33.558 [TestNG-PoolService-1] INFO  com.APITestRunner - START Get all bike points contains River Street , Clerkenwell
2020-01-18 10:47:33.558 [TestNG-PoolService-0] INFO  com.APITestRunner - START Get all bike points contains Evesham Street, Avondale
2020-01-18 10:47:36.985 [TestNG-PoolService-1] ERROR com.APITestRunner - FAIL  Get all bike points contains River Street , Clerkenwell
2020-01-18 10:47:37.263 [TestNG-PoolService-0] ERROR com.APITestRunner - FAIL  Get all bike points contains Evesham Street, Avondale
2020-01-18 10:54:52.331 [TestNG-PoolService-0] INFO  com.APITestRunner - START Get all bike points contains Evesham Street, Avondale
2020-01-18 10:54:52.331 [TestNG-PoolService-1] INFO  com.APITestRunner - START Get all bike points contains River Street , Clerkenwell
2020-01-18 10:59:02.655 [TestNG-PoolService-0] INFO  com.APITestRunner - START Get all bike points contains Evesham Street, Avondale
2020-01-18 10:59:02.655 [TestNG-PoolService-1] INFO  com.APITestRunner - START Get all bike points contains River Street , Clerkenwell
2020-01-18 11:02:14.265 [TestNG-PoolService-1] INFO  com.APITestRunner - START Get all bike points contains River Street , Clerkenwell
2020-01-18 11:02:14.265 [TestNG-PoolService-0] INFO  com.APITestRunner - START Get all bike points contains Evesham Street, Avondale
2020-01-18 11:02:24.268 [TestNG-PoolService-0] INFO  com.APITestRunner - START Get all bike points contains Evesham Street, Avondale
2020-01-18 11:02:24.268 [TestNG-PoolService-1] INFO  com.APITestRunner - START Get all bike points contains River Street , Clerkenwell
2020-01-18 11:04:53.904 [TestNG-PoolService-0] INFO  com.APITestRunner - START Get all bike points contains Evesham Street, Avondale
2020-01-18 11:04:53.904 [TestNG-PoolService-1] INFO  com.APITestRunner - START Get all bike points contains River Street , Clerkenwell
2020-01-18 11:04:55.227 [TestNG-PoolService-0] INFO  com.APITestRunner - START Get all bike points contains Evesham Street, Avondale
2020-01-18 11:04:55.227 [TestNG-PoolService-1] INFO  com.APITestRunner - START Get all bike points contains River Street , Clerkenwell
2020-01-18 11:04:57.976 [TestNG-PoolService-1] ERROR com.APITestRunner - FAIL  Get all bike points contains River Street , Clerkenwell
2020-01-18 11:04:57.976 [TestNG-PoolService-0] ERROR com.APITestRunner - FAIL  Get all bike points contains Evesham Street, Avondale
2020-01-18 11:05:04.204 [TestNG-PoolService-0] ERROR com.APITestRunner - FAIL  Get all bike points contains Evesham Street, Avondale
2020-01-18 11:05:04.204 [TestNG-PoolService-1] ERROR com.APITestRunner - FAIL  Get all bike points contains River Street , Clerkenwell
2020-01-18 11:06:04.495 [TestNG-PoolService-0] INFO  com.APITestRunner - START Get all bike points contains Evesham Street, Avondale
2020-01-18 11:06:04.495 [TestNG-PoolService-1] INFO  com.APITestRunner - START Get all bike points contains River Street , Clerkenwell
2020-01-18 11:06:13.694 [TestNG-PoolService-1] ERROR com.APITestRunner - FAIL  Get all bike points contains River Street , Clerkenwell
2020-01-18 11:06:13.694 [TestNG-PoolService-0] ERROR com.APITestRunner - FAIL  Get all bike points contains Evesham Street, Avondale
2020-01-18 11:07:08.323 [TestNG-PoolService-0] INFO  com.APITestRunner - START Get all bike points contains Evesham Street, Avondale
2020-01-18 11:07:08.323 [TestNG-PoolService-1] INFO  com.APITestRunner - START Get all bike points contains River Street , Clerkenwell
2020-01-18 11:08:48.890 [TestNG-PoolService-0] INFO  com.APITestRunner - START Get all bike points contains Evesham Street, Avondale
2020-01-18 11:08:48.890 [TestNG-PoolService-1] INFO  com.APITestRunner - START Get all bike points contains River Street , Clerkenwell
2020-01-18 11:09:06.054 [TestNG-PoolService-1] ERROR com.APITestRunner - FAIL  Get all bike points contains River Street , Clerkenwell
2020-01-18 11:09:06.057 [TestNG-PoolService-0] ERROR com.APITestRunner - FAIL  Get all bike points contains Evesham Street, Avondale
2020-01-18 11:09:12.818 [TestNG-PoolService-0] INFO  com.APITestRunner - START Get all bike points contains Evesham Street, Avondale
2020-01-18 11:09:12.818 [TestNG-PoolService-1] INFO  com.APITestRunner - START Get all bike points contains River Street , Clerkenwell
2020-01-18 11:09:15.685 [TestNG-PoolService-0] ERROR com.APITestRunner - FAIL  Get all bike points contains Evesham Street, Avondale
2020-01-18 11:09:15.685 [TestNG-PoolService-1] ERROR com.APITestRunner - FAIL  Get all bike points contains River Street , Clerkenwell
2020-01-18 11:10:16.080 [TestNG-PoolService-0] INFO  com.APITestRunner - START Get all bike points contains Evesham Street, Avondale
2020-01-18 11:10:16.080 [TestNG-PoolService-1] INFO  com.APITestRunner - START Get all bike points contains River Street , Clerkenwell
2020-01-18 11:10:19.451 [TestNG-PoolService-0] INFO  com.APITestRunner - PASS  Get all bike points contains Evesham Street, Avondale
2020-01-18 11:10:19.481 [TestNG-PoolService-1] INFO  com.APITestRunner - PASS  Get all bike points contains River Street , Clerkenwell
2020-01-18 11:10:33.136 [TestNG-PoolService-1] INFO  com.APITestRunner - START Get all bike points contains River Street , Clerkenwell
2020-01-18 11:10:33.136 [TestNG-PoolService-0] INFO  com.APITestRunner - START Get all bike points contains Evesham Street, Avondale
2020-01-18 11:11:52.752 [TestNG-PoolService-1] INFO  com.APITestRunner - START Get all bike points contains River Street , Clerkenwell
2020-01-18 11:11:52.752 [TestNG-PoolService-0] INFO  com.APITestRunner - START Get all bike points contains Evesham Street, Avondale
2020-01-18 11:14:12.560 [TestNG-PoolService-0] INFO  com.APITestRunner - START Get all bike points contains Evesham Street, Avondale
2020-01-18 11:14:12.560 [TestNG-PoolService-1] INFO  com.APITestRunner - START Get all bike points contains River Street , Clerkenwell
2020-01-18 11:14:14.994 [TestNG-PoolService-1] ERROR com.APITestRunner - FAIL  Get all bike points contains River Street , Clerkenwell
2020-01-18 11:14:20.501 [TestNG-PoolService-0] INFO  com.APITestRunner - START Get all bike points contains Evesham Street, Avondale
2020-01-18 11:14:20.501 [TestNG-PoolService-1] INFO  com.APITestRunner - START Get all bike points contains River Street , Clerkenwell
2020-01-18 11:14:22.755 [TestNG-PoolService-1] INFO  com.APITestRunner - START Get all bike points contains River Street , Clerkenwell
2020-01-18 11:14:22.755 [TestNG-PoolService-0] INFO  com.APITestRunner - START Get all bike points contains Evesham Street, Avondale
2020-01-18 11:15:54.089 [TestNG-PoolService-0] INFO  com.APITestRunner - START Get all bike points contains Evesham Street, Avondale
2020-01-18 11:15:54.089 [TestNG-PoolService-1] INFO  com.APITestRunner - START Get all bike points contains River Street , Clerkenwell
2020-01-18 11:18:28.749 [TestNG-PoolService-1] INFO  com.APITestRunner - START Get all bike points contains River Street , Clerkenwell
2020-01-18 11:18:28.749 [TestNG-PoolService-0] INFO  com.APITestRunner - START Get all bike points contains Evesham Street, Avondale
2020-01-18 11:22:21.646 [TestNG-PoolService-0] INFO  com.APITestRunner - START Get all bike points contains Evesham Street, Avondale
2020-01-18 11:22:21.646 [TestNG-PoolService-1] INFO  com.APITestRunner - START Get all bike points contains River Street , Clerkenwell
2020-01-18 11:26:14.814 [TestNG-PoolService-1] INFO  com.APITestRunner - START Get all bike points contains River Street , Clerkenwell
2020-01-18 11:26:14.814 [TestNG-PoolService-0] INFO  com.APITestRunner - START Get all bike points contains Evesham Street, Avondale
2020-01-18 11:27:54.078 [TestNG-PoolService-0] INFO  com.APITestRunner - START Get all bike points contains Evesham Street, Avondale
2020-01-18 11:27:54.078 [TestNG-PoolService-1] INFO  com.APITestRunner - START Get all bike points contains River Street , Clerkenwell
2020-01-18 11:29:26.124 [TestNG-PoolService-1] INFO  com.APITestRunner - START Get all bike points contains River Street , Clerkenwell
2020-01-18 11:29:26.124 [TestNG-PoolService-0] INFO  com.APITestRunner - START Get all bike points contains Evesham Street, Avondale
2020-01-18 11:29:29.384 [TestNG-PoolService-1] ERROR com.APITestRunner - FAIL  Get all bike points contains River Street , Clerkenwell
2020-01-18 11:29:29.384 [TestNG-PoolService-0] ERROR com.APITestRunner - FAIL  Get all bike points contains Evesham Street, Avondale
2020-01-18 11:31:57.954 [TestNG-PoolService-1] INFO  com.APITestRunner - START Get all bike points contains River Street , Clerkenwell
2020-01-18 11:31:57.954 [TestNG-PoolService-0] INFO  com.APITestRunner - START Get all bike points contains Evesham Street, Avondale
2020-01-18 11:35:34.665 [TestNG-PoolService-1] INFO  com.APITestRunner - START Get all bike points contains River Street , Clerkenwell
2020-01-18 11:35:34.665 [TestNG-PoolService-0] INFO  com.APITestRunner - START Get all bike points contains Evesham Street, Avondale
2020-01-18 11:35:38.703 [TestNG-PoolService-0] ERROR com.APITestRunner - FAIL  Get all bike points contains Evesham Street, Avondale
2020-01-18 11:35:38.703 [TestNG-PoolService-1] ERROR com.APITestRunner - FAIL  Get all bike points contains River Street , Clerkenwell
2020-01-18 11:36:09.477 [TestNG-PoolService-1] INFO  com.APITestRunner - START Get all bike points contains River Street , Clerkenwell
2020-01-18 11:36:09.477 [TestNG-PoolService-0] INFO  com.APITestRunner - START Get all bike points contains Evesham Street, Avondale
2020-01-18 11:39:03.781 [TestNG-PoolService-1] INFO  com.APITestRunner - START Get all bike points contains River Street , Clerkenwell
2020-01-18 11:39:03.781 [TestNG-PoolService-0] INFO  com.APITestRunner - START Get all bike points contains Evesham Street, Avondale
2020-01-18 11:40:02.754 [TestNG-PoolService-1] INFO  com.APITestRunner - START Get all bike points contains River Street , Clerkenwell
2020-01-18 11:40:02.754 [TestNG-PoolService-0] INFO  com.APITestRunner - START Get all bike points contains Evesham Street, Avondale
2020-01-18 11:40:06.074 [TestNG-PoolService-1] ERROR com.APITestRunner - FAIL  Get all bike points contains River Street , Clerkenwell
2020-01-18 11:40:06.074 [TestNG-PoolService-0] ERROR com.APITestRunner - FAIL  Get all bike points contains Evesham Street, Avondale
2020-01-18 11:41:36.100 [TestNG-PoolService-1] INFO  com.APITestRunner - START Get all bike points contains River Street , Clerkenwell
2020-01-18 11:41:36.100 [TestNG-PoolService-0] INFO  com.APITestRunner - START Get all bike points contains Evesham Street, Avondale
2020-01-18 11:50:23.954 [TestNG-PoolService-1] INFO  com.APITestRunner - START Get all bike points contains River Street , Clerkenwell
2020-01-18 11:50:23.954 [TestNG-PoolService-0] INFO  com.APITestRunner - START Get all bike points contains Evesham Street, Avondale
2020-01-18 11:50:27.298 [TestNG-PoolService-1] ERROR com.APITestRunner - FAIL  Get all bike points contains River Street , Clerkenwell
2020-01-18 11:50:27.299 [TestNG-PoolService-0] ERROR com.APITestRunner - FAIL  Get all bike points contains Evesham Street, Avondale
2020-01-18 12:01:24.801 [TestNG-PoolService-1] INFO  com.APITestRunner - START Get all bike points contains River Street , Clerkenwell
2020-01-18 12:01:24.801 [TestNG-PoolService-0] INFO  com.APITestRunner - START Get all bike points contains Evesham Street, Avondale
2020-01-18 12:01:28.143 [TestNG-PoolService-0] ERROR com.APITestRunner - FAIL  Get all bike points contains Evesham Street, Avondale
2020-01-18 12:01:28.143 [TestNG-PoolService-1] ERROR com.APITestRunner - FAIL  Get all bike points contains River Street , Clerkenwell
2020-01-18 12:03:41.952 [TestNG-PoolService-1] INFO  com.APITestRunner - START Get all bike points contains River Street , Clerkenwell
2020-01-18 12:03:41.952 [TestNG-PoolService-0] INFO  com.APITestRunner - START Get all bike points contains Evesham Street, Avondale
2020-01-18 12:03:45.174 [TestNG-PoolService-1] ERROR com.APITestRunner - FAIL  Get all bike points contains River Street , Clerkenwell
2020-01-18 12:03:45.174 [TestNG-PoolService-0] ERROR com.APITestRunner - FAIL  Get all bike points contains Evesham Street, Avondale
2020-01-18 12:12:46.918 [TestNG-PoolService-1] INFO  com.APITestRunner - START Get all bike points contains River Street , Clerkenwell
2020-01-18 12:12:46.918 [TestNG-PoolService-0] INFO  com.APITestRunner - START Get all bike points contains Evesham Street, Avondale
2020-01-18 12:17:06.960 [TestNG-PoolService-0] INFO  com.APITestRunner - START Get all bike points contains Evesham Street, Avondale
2020-01-18 12:17:06.960 [TestNG-PoolService-1] INFO  com.APITestRunner - START Get all bike points contains River Street , Clerkenwell
2020-01-18 12:17:10.070 [TestNG-PoolService-0] ERROR com.APITestRunner - FAIL  Get all bike points contains Evesham Street, Avondale
2020-01-18 12:18:52.197 [TestNG-PoolService-1] ERROR com.APITestRunner - FAIL  Get all bike points contains River Street , Clerkenwell
2020-01-18 12:40:59.272 [TestNG-PoolService-1] INFO  com.APITestRunner - START Get all bike points contains River Street , Clerkenwell
2020-01-18 12:40:59.272 [TestNG-PoolService-0] INFO  com.APITestRunner - START Get all bike points contains Evesham Street, Avondale
2020-01-18 12:41:36.026 [TestNG-PoolService-1] ERROR com.APITestRunner - FAIL  Get all bike points contains River Street , Clerkenwell
2020-01-18 12:41:36.026 [TestNG-PoolService-0] ERROR com.APITestRunner - FAIL  Get all bike points contains Evesham Street, Avondale
2020-01-18 12:42:15.032 [TestNG-PoolService-1] INFO  com.APITestRunner - START Get all bike points contains River Street , Clerkenwell
2020-01-18 12:42:15.032 [TestNG-PoolService-0] INFO  com.APITestRunner - START Get all bike points contains Evesham Street, Avondale
2020-01-18 12:42:18.645 [TestNG-PoolService-1] ERROR com.APITestRunner - FAIL  Get all bike points contains River Street , Clerkenwell
2020-01-18 12:42:18.645 [TestNG-PoolService-0] ERROR com.APITestRunner - FAIL  Get all bike points contains Evesham Street, Avondale
2020-01-18 12:44:02.011 [TestNG-PoolService-1] INFO  com.APITestRunner - START Get all bike points contains River Street , Clerkenwell
2020-01-18 12:44:02.011 [TestNG-PoolService-0] INFO  com.APITestRunner - START Get all bike points contains Evesham Street, Avondale
2020-01-18 12:44:07.533 [TestNG-PoolService-1] ERROR com.APITestRunner - FAIL  Get all bike points contains River Street , Clerkenwell
2020-01-18 12:44:07.533 [TestNG-PoolService-0] ERROR com.APITestRunner - FAIL  Get all bike points contains Evesham Street, Avondale
2020-01-18 12:44:24.401 [TestNG-PoolService-1] INFO  com.APITestRunner - START Get all bike points contains River Street , Clerkenwell
2020-01-18 12:44:24.401 [TestNG-PoolService-0] INFO  com.APITestRunner - START Get all bike points contains Evesham Street, Avondale
2020-01-18 12:44:31.994 [TestNG-PoolService-0] ERROR com.APITestRunner - FAIL  Get all bike points contains Evesham Street, Avondale
2020-01-18 12:44:31.994 [TestNG-PoolService-1] ERROR com.APITestRunner - FAIL  Get all bike points contains River Street , Clerkenwell
2020-01-18 13:15:33.771 [TestNG-PoolService-0] INFO  com.APITestRunner - START Get user by specific id
2020-01-18 13:15:34.228 [TestNG-PoolService-0] ERROR com.APITestRunner - FAIL  Get user by specific id
2020-01-18 13:15:46.974 [TestNG-PoolService-0] INFO  com.APITestRunner - START Get user by specific id
2020-01-18 13:15:47.487 [TestNG-PoolService-0] ERROR com.APITestRunner - FAIL  Get user by specific id
2020-01-18 13:20:24.622 [TestNG-PoolService-0] INFO  com.APITestRunner - START Get user by specific id
2020-01-18 13:20:26.486 [TestNG-PoolService-0] ERROR com.APITestRunner - FAIL  Get user by specific id
2020-01-18 13:21:07.854 [TestNG-PoolService-0] INFO  com.APITestRunner - START Get user by specific id
2020-01-18 13:21:09.733 [TestNG-PoolService-0] ERROR com.APITestRunner - FAIL  Get user by specific id
2020-01-18 13:21:23.568 [TestNG-PoolService-0] INFO  com.APITestRunner - START Get user by specific id
2020-01-18 13:23:06.653 [TestNG-PoolService-0] INFO  com.APITestRunner - START Get user by specific id
2020-01-18 13:23:08.206 [TestNG-PoolService-0] ERROR com.APITestRunner - FAIL  Get user by specific id
2020-01-18 13:23:51.525 [TestNG-PoolService-0] INFO  com.APITestRunner - START Get user by specific id
2020-01-18 13:24:08.532 [TestNG-PoolService-0] INFO  com.APITestRunner - START Get user by specific id
2020-01-18 13:24:11.772 [TestNG-PoolService-0] INFO  com.APITestRunner - PASS  Get user by specific id
2020-01-18 13:25:18.639 [TestNG-PoolService-0] INFO  com.APITestRunner - START Get user by specific id
2020-01-18 13:25:18.639 [TestNG-PoolService-1] INFO  com.APITestRunner - START Get user by specific id
2020-01-18 13:25:21.682 [TestNG-PoolService-1] INFO  com.APITestRunner - PASS  Get user by specific id
2020-01-18 13:25:21.682 [TestNG-PoolService-0] INFO  com.APITestRunner - PASS  Get user by specific id
2020-01-18 13:36:15.580 [TestNG-PoolService-1] INFO  com.APITestRunner - START Get employee by specific id
2020-01-18 13:36:15.580 [TestNG-PoolService-0] INFO  com.APITestRunner - START Get employee by specific id
2020-01-18 13:36:42.225 [TestNG-PoolService-1] INFO  com.APITestRunner - PASS  Get employee by specific id
2020-01-18 13:36:42.225 [TestNG-PoolService-0] INFO  com.APITestRunner - PASS  Get employee by specific id
2020-01-18 13:42:42.660 [TestNG-PoolService-1] INFO  com.APITestRunner - START Get employee by specific id
2020-01-18 13:42:42.660 [TestNG-PoolService-0] INFO  com.APITestRunner - START Get employee by specific id
2020-01-18 13:42:51.608 [TestNG-PoolService-1] INFO  com.APITestRunner - PASS  Get employee by specific id
2020-01-18 13:42:51.608 [TestNG-PoolService-0] INFO  com.APITestRunner - PASS  Get employee by specific id
2020-01-18 13:43:39.848 [TestNG-PoolService-0] INFO  com.APITestRunner - START Create employee
2020-01-18 13:44:11.299 [TestNG-PoolService-0] ERROR com.APITestRunner - FAIL  Create employee
2020-01-18 14:28:59.261 [TestNG-PoolService-0] INFO  com.APITestRunner - START Create employee
2020-01-18 14:29:17.117 [TestNG-PoolService-0] ERROR com.APITestRunner - FAIL  Create employee
2020-01-18 14:29:55.931 [TestNG-PoolService-0] INFO  com.APITestRunner - START Create employee
2020-01-18 14:29:58.649 [TestNG-PoolService-0] ERROR com.APITestRunner - FAIL  Create employee
2020-01-18 14:31:38.552 [TestNG-PoolService-0] INFO  com.APITestRunner - START Create employee
2020-01-18 14:31:41.267 [TestNG-PoolService-0] ERROR com.APITestRunner - FAIL  Create employee
2020-01-18 14:33:07.636 [TestNG-PoolService-0] INFO  com.APITestRunner - START Create employee
2020-01-18 14:34:16.582 [TestNG-PoolService-0] ERROR com.APITestRunner - FAIL  Create employee
2020-01-18 14:35:43.160 [TestNG-PoolService-0] INFO  com.APITestRunner - START Create employee
2020-01-18 14:35:44.387 [TestNG-PoolService-0] ERROR com.APITestRunner - FAIL  Create employee
2020-01-18 14:36:17.250 [TestNG-PoolService-0] INFO  com.APITestRunner - START Create employee
2020-01-18 14:38:23.114 [TestNG-PoolService-0] ERROR com.APITestRunner - FAIL  Create employee
2020-01-18 14:44:27.866 [TestNG-PoolService-0] INFO  com.APITestRunner - START Create employee
2020-01-18 14:44:42.061 [TestNG-PoolService-0] INFO  com.APITestRunner - START Create employee
2020-01-18 14:47:14.025 [TestNG-PoolService-0] INFO  com.APITestRunner - START Create employee
2020-01-18 14:47:57.471 [TestNG-PoolService-0] ERROR com.APITestRunner - FAIL  Create employee
2020-01-18 14:54:27.262 [TestNG-PoolService-0] INFO  com.APITestRunner - START Create employee
2020-01-18 14:54:30.108 [TestNG-PoolService-0] ERROR com.APITestRunner - FAIL  Create employee
2020-01-18 14:55:38.957 [TestNG-PoolService-0] INFO  com.APITestRunner - START Create employee
2020-01-18 14:56:14.532 [TestNG-PoolService-0] INFO  com.APITestRunner - PASS  Create employee
2020-01-18 14:58:03.760 [TestNG-PoolService-0] INFO  com.APITestRunner - START Create employee
2020-01-18 14:58:06.669 [TestNG-PoolService-0] INFO  com.APITestRunner - PASS  Create employee
2020-01-18 14:58:31.096 [TestNG-PoolService-0] INFO  com.APITestRunner - START Create employee
2020-01-18 14:58:33.825 [TestNG-PoolService-0] ERROR com.APITestRunner - FAIL  Create employee
2020-01-18 14:59:33.472 [TestNG-PoolService-0] INFO  com.APITestRunner - START Create employee
2020-01-18 14:59:36.398 [TestNG-PoolService-0] ERROR com.APITestRunner - FAIL  Create employee
2020-01-18 15:11:35.944 [TestNG-PoolService-0] INFO  com.APITestRunner - START Create employee
2020-01-18 15:11:47.602 [TestNG-PoolService-0] INFO  com.APITestRunner - PASS  Create employee
2020-01-18 15:14:15.814 [TestNG-PoolService-0] INFO  com.APITestRunner - START Create employee
2020-01-18 15:14:19.506 [TestNG-PoolService-0] ERROR com.APITestRunner - FAIL  Create employee
2020-01-18 15:15:07.177 [TestNG-PoolService-0] INFO  com.APITestRunner - START Create employee
2020-01-18 15:15:24.672 [TestNG-PoolService-0] ERROR com.APITestRunner - FAIL  Create employee
2020-01-18 15:50:33.085 [TestNG-PoolService-1] INFO  com.APITestRunner - START Update employee
2020-01-18 15:50:33.085 [TestNG-PoolService-0] INFO  com.APITestRunner - START Create employee
2020-01-18 15:50:33.085 [TestNG-PoolService-2] INFO  com.APITestRunner - START Remove employee
2020-01-18 15:50:33.602 [TestNG-PoolService-1] ERROR com.APITestRunner - FAIL  Update employee
2020-01-18 15:50:33.602 [TestNG-PoolService-2] ERROR com.APITestRunner - FAIL  Remove employee
2020-01-18 15:51:13.522 [TestNG-PoolService-0] INFO  com.APITestRunner - START Create employee
2020-01-18 15:51:13.522 [TestNG-PoolService-1] INFO  com.APITestRunner - START Update employee
2020-01-18 15:51:13.522 [TestNG-PoolService-2] INFO  com.APITestRunner - START Remove employee
2020-01-18 15:51:14.058 [TestNG-PoolService-2] ERROR com.APITestRunner - FAIL  Remove employee
2020-01-18 15:51:14.058 [TestNG-PoolService-1] ERROR com.APITestRunner - FAIL  Update employee
2020-01-18 15:51:59.344 [TestNG-PoolService-1] INFO  com.APITestRunner - START Update employee
2020-01-18 15:51:59.344 [TestNG-PoolService-0] INFO  com.APITestRunner - START Create employee
2020-01-18 15:51:59.344 [TestNG-PoolService-2] INFO  com.APITestRunner - START Remove employee
2020-01-18 15:51:59.875 [TestNG-PoolService-2] ERROR com.APITestRunner - FAIL  Remove employee
2020-01-18 15:51:59.875 [TestNG-PoolService-1] ERROR com.APITestRunner - FAIL  Update employee
2020-01-18 15:53:03.613 [TestNG-PoolService-2] INFO  com.APITestRunner - START Remove employee
2020-01-18 15:53:03.613 [TestNG-PoolService-0] INFO  com.APITestRunner - START Create employee
2020-01-18 15:53:03.613 [TestNG-PoolService-1] INFO  com.APITestRunner - START Update employee
2020-01-18 15:53:04.082 [TestNG-PoolService-2] ERROR com.APITestRunner - FAIL  Remove employee
2020-01-18 15:53:04.082 [TestNG-PoolService-1] ERROR com.APITestRunner - FAIL  Update employee
2020-01-18 15:53:06.867 [TestNG-PoolService-0] INFO  com.APITestRunner - PASS  Create employee
2020-01-18 15:53:24.011 [TestNG-PoolService-2] INFO  com.APITestRunner - START Remove employee
2020-01-18 15:53:24.011 [TestNG-PoolService-1] INFO  com.APITestRunner - START Update employee
2020-01-18 15:53:24.011 [TestNG-PoolService-0] INFO  com.APITestRunner - START Create employee
2020-01-18 15:53:24.540 [TestNG-PoolService-2] ERROR com.APITestRunner - FAIL  Remove employee
2020-01-18 15:53:24.540 [TestNG-PoolService-1] ERROR com.APITestRunner - FAIL  Update employee
2020-01-18 15:56:16.394 [TestNG-PoolService-1] INFO  com.APITestRunner - START Update employee
2020-01-18 15:56:16.394 [TestNG-PoolService-2] INFO  com.APITestRunner - START Remove employee
2020-01-18 15:56:16.394 [TestNG-PoolService-0] INFO  com.APITestRunner - START Create employee
2020-01-18 15:56:16.924 [TestNG-PoolService-2] ERROR com.APITestRunner - FAIL  Remove employee
2020-01-18 15:56:16.924 [TestNG-PoolService-1] ERROR com.APITestRunner - FAIL  Update employee
2020-01-18 15:56:41.283 [TestNG-PoolService-0] ERROR com.APITestRunner - FAIL  Create employee
2020-01-18 15:57:08.733 [TestNG-PoolService-1] INFO  com.APITestRunner - START Update employee
2020-01-18 15:57:08.733 [TestNG-PoolService-2] INFO  com.APITestRunner - START Remove employee
2020-01-18 15:57:08.733 [TestNG-PoolService-0] INFO  com.APITestRunner - START Create employee
2020-01-18 15:57:09.270 [TestNG-PoolService-2] ERROR com.APITestRunner - FAIL  Remove employee
2020-01-18 15:57:09.270 [TestNG-PoolService-1] ERROR com.APITestRunner - FAIL  Update employee
2020-01-18 15:57:12.959 [TestNG-PoolService-0] ERROR com.APITestRunner - FAIL  Create employee
2020-01-18 15:57:39.792 [TestNG-PoolService-0] INFO  com.APITestRunner - START Create employee
2020-01-18 15:57:39.792 [TestNG-PoolService-1] INFO  com.APITestRunner - START Update employee
2020-01-18 15:57:39.792 [TestNG-PoolService-2] INFO  com.APITestRunner - START Remove employee
2020-01-18 15:57:40.320 [TestNG-PoolService-1] ERROR com.APITestRunner - FAIL  Update employee
2020-01-18 15:57:40.320 [TestNG-PoolService-2] ERROR com.APITestRunner - FAIL  Remove employee
2020-01-18 15:58:02.916 [TestNG-PoolService-0] ERROR com.APITestRunner - FAIL  Create employee
2020-01-18 15:58:08.707 [TestNG-PoolService-2] INFO  com.APITestRunner - START Remove employee
2020-01-18 15:58:08.707 [TestNG-PoolService-1] INFO  com.APITestRunner - START Update employee
2020-01-18 15:58:08.707 [TestNG-PoolService-0] INFO  com.APITestRunner - START Create employee
2020-01-18 15:58:09.236 [TestNG-PoolService-2] ERROR com.APITestRunner - FAIL  Remove employee
2020-01-18 15:58:09.236 [TestNG-PoolService-1] ERROR com.APITestRunner - FAIL  Update employee
2020-01-18 15:58:34.516 [TestNG-PoolService-0] ERROR com.APITestRunner - FAIL  Create employee
2020-01-18 15:58:55.463 [TestNG-PoolService-1] INFO  com.APITestRunner - START Update employee
2020-01-18 15:58:55.463 [TestNG-PoolService-0] INFO  com.APITestRunner - START Create employee
2020-01-18 15:58:55.463 [TestNG-PoolService-2] INFO  com.APITestRunner - START Remove employee
2020-01-18 15:58:55.984 [TestNG-PoolService-2] ERROR com.APITestRunner - FAIL  Remove employee
2020-01-18 15:58:55.984 [TestNG-PoolService-1] ERROR com.APITestRunner - FAIL  Update employee
2020-01-18 16:01:01.436 [TestNG-PoolService-2] INFO  com.APITestRunner - START Remove employee
2020-01-18 16:01:01.436 [TestNG-PoolService-0] INFO  com.APITestRunner - START Create employee
2020-01-18 16:01:01.436 [TestNG-PoolService-1] INFO  com.APITestRunner - START Update employee
2020-01-18 16:01:01.982 [TestNG-PoolService-2] ERROR com.APITestRunner - FAIL  Remove employee
2020-01-18 16:01:01.982 [TestNG-PoolService-1] ERROR com.APITestRunner - FAIL  Update employee
2020-01-18 16:20:13.067 [TestNG-PoolService-0] INFO  com.APITestRunner - START Remove employee
2020-01-18 16:20:15.906 [TestNG-PoolService-0] INFO  com.APITestRunner - PASS  Remove employee
2020-01-18 16:20:28.061 [TestNG-PoolService-0] INFO  com.APITestRunner - START Remove employee
2020-01-18 16:20:30.773 [TestNG-PoolService-0] INFO  com.APITestRunner - PASS  Remove employee
2020-01-18 16:20:46.468 [TestNG-PoolService-0] INFO  com.APITestRunner - START Remove employee
2020-01-18 16:21:51.198 [TestNG-PoolService-0] INFO  com.APITestRunner - START Remove employee
2020-01-18 16:21:53.972 [TestNG-PoolService-0] ERROR com.APITestRunner - FAIL  Remove employee
2020-01-18 16:22:07.063 [TestNG-PoolService-0] INFO  com.APITestRunner - START Remove employee
2020-01-18 16:22:09.707 [TestNG-PoolService-0] INFO  com.APITestRunner - PASS  Remove employee
2020-01-18 16:22:30.904 [TestNG-PoolService-3] INFO  com.APITestRunner - START Remove employee
2020-01-18 16:22:30.904 [TestNG-PoolService-0] INFO  com.APITestRunner - START Get employees by specific id
2020-01-18 16:22:30.904 [TestNG-PoolService-1] INFO  com.APITestRunner - START Get employees by specific id
2020-01-18 16:22:30.904 [TestNG-PoolService-2] INFO  com.APITestRunner - START Create employee
2020-01-18 16:22:33.640 [TestNG-PoolService-3] INFO  com.APITestRunner - PASS  Remove employee
2020-01-18 16:22:34.129 [TestNG-PoolService-1] INFO  com.APITestRunner - PASS  Get employees by specific id
2020-01-18 16:22:34.133 [TestNG-PoolService-0] INFO  com.APITestRunner - PASS  Get employees by specific id
2020-01-18 16:22:34.596 [TestNG-PoolService-2] ERROR com.APITestRunner - FAIL  Create employee
2020-01-18 16:28:34.314 [TestNG-PoolService-0] INFO  com.APITestRunner - START Get employees by specific id
2020-01-18 16:28:37.184 [TestNG-PoolService-0] INFO  com.APITestRunner - PASS  Get employees by specific id
2020-01-18 16:28:37.186 [TestNG-PoolService-0] INFO  com.APITestRunner - START Get employees by specific id
2020-01-18 16:28:37.474 [TestNG-PoolService-0] INFO  com.APITestRunner - PASS  Get employees by specific id
2020-01-18 16:28:37.476 [TestNG-PoolService-0] INFO  com.APITestRunner - START Create employee
2020-01-18 16:28:38.175 [TestNG-PoolService-0] ERROR com.APITestRunner - FAIL  Create employee
2020-01-18 16:28:38.177 [TestNG-PoolService-0] INFO  com.APITestRunner - START Remove employee
2020-01-18 16:28:38.465 [TestNG-PoolService-0] INFO  com.APITestRunner - PASS  Remove employee
2020-01-20 08:17:11.012 [TestNG-PoolService-2] INFO  com.APITestRunner - START Create employee
2020-01-20 08:17:11.012 [TestNG-PoolService-1] INFO  com.APITestRunner - START Get employees by specific id
2020-01-20 08:17:11.012 [TestNG-PoolService-3] INFO  com.APITestRunner - START Remove employee
2020-01-20 08:17:11.012 [TestNG-PoolService-0] INFO  com.APITestRunner - START Get employees by specific id
2020-01-20 08:17:25.058 [TestNG-PoolService-3] INFO  com.APITestRunner - PASS  Remove employee
2020-01-20 08:17:25.353 [TestNG-PoolService-0] INFO  com.APITestRunner - PASS  Get employees by specific id
2020-01-20 08:17:25.359 [TestNG-PoolService-1] INFO  com.APITestRunner - PASS  Get employees by specific id
2020-01-20 08:17:26.052 [TestNG-PoolService-2] ERROR com.APITestRunner - FAIL  Create employee
2020-01-20 08:18:28.084 [TestNG-PoolService-2] INFO  com.APITestRunner - START Create employee
2020-01-20 08:18:28.084 [TestNG-PoolService-0] INFO  com.APITestRunner - START Get employees by specific id
2020-01-20 08:18:28.084 [TestNG-PoolService-3] INFO  com.APITestRunner - START Remove employee
2020-01-20 08:18:28.084 [TestNG-PoolService-1] INFO  com.APITestRunner - START Get employees by specific id
2020-01-20 08:18:34.830 [TestNG-PoolService-3] INFO  com.APITestRunner - PASS  Remove employee
2020-01-20 08:18:36.080 [TestNG-PoolService-0] INFO  com.APITestRunner - PASS  Get employees by specific id
2020-01-20 08:18:36.085 [TestNG-PoolService-1] INFO  com.APITestRunner - PASS  Get employees by specific id
2020-01-20 08:18:36.662 [TestNG-PoolService-2] ERROR com.APITestRunner - FAIL  Create employee
